p/catSource.jpg 1 0 0 3072 2048
p/ia_100000000264.jpg 1 0 0 1920 1080
p/ia_100001362.jpg 1 0 0 275 183
p/ia_100001373.jpg 1 0 0 300 168
p/ia_100001374.jpg 1 0 0 290 174
p/ia_100000106.jpg 1 0 0 264 191
p/ia_100001365.jpg 1 0 0 305 165
p/ia_100001366.jpg 1 0 0 195 258
p/ia_100001375.jpg 1 0 0 275 183
p/ia_100000105.jpg 1 0 0 259 194
p/ia_100001368.jpg 1 0 0 311 162
p/ia_100001364.jpg 1 0 0 225 225
p/ia_100001363.jpg 1 0 0 310 163
p/ia_100001371.jpg 1 0 0 310 162
p/ia_100001369.jpg 1 0 0 194 259
p/ia_100000091.jpg 1 0 0 225 225
p/ia_100001370.jpg 1 0 0 275 183
p/ia_100000098.jpg 1 0 0 225 225
p/ia_100000103.jpg 1 0 0 183 275
p/ia_100000102.jpg 1 0 0 275 183
p/ia_100001367.jpg 1 0 0 225 225
p/ia_100000104.jpg 1 0 0 300 168
p/ia_100000090.jpg 1 0 0 183 275
p/ia_100001372.jpg 1 0 0 261 193
p/ia_100000099.jpg 1 0 0 300 168
p/ia_100000097.jpg 1 0 0 194 259
p/ia_100000000180.jpg 1 0 0 947 628
p/ia_100000100.jpg 1 0 0 259 194
p/ia_100000000226.jpg 1 0 0 728 300
p/ia_100001344.jpg 1 0 0 2400 1628
p/ia_100000092.jpg 1 0 0 259 194
p/ia_100000093.jpg 1 0 0 300 168
p/ia_100000000276.jpg 1 0 0 880 445
p/ia_100000101.jpg 1 0 0 193 261
p/ia_100000000290.jpg 1 0 0 1024 700
p/ia_100000000229.jpg 1 0 0 540 191
p/ia_100000000294.png 1 0 0 678 459
p/ia_100000000278.jpg 1 0 0 2121 1414
p/ia_100000000253.jpg 1 0 0 1200 798
p/ia_100000000251.png 1 0 0 876 495
p/ia_100000000295.jpg 1 0 0 2121 1414
p/ia_100000000210.jpg 1 0 0 564 564
p/ia_100000000191.jpeg 1 0 0 510 877
p/ia_100000000284.jpg 1 0 0 480 360
p/ia_100000000242.jpg 1 0 0 819 1024
p/ia_100000000272.jpg 1 0 0 570 403
p/ia_100000000247.jpg 1 0 0 350 525
p/ia_100000000214.jpg 1 0 0 390 280
p/ia_100000000245.jpg 1 0 0 750 1000
p/ia_100000000184.jpg 1 0 0 1280 853
p/ia_100000000258.jpg 1 0 0 700 368
p/ia_100000000298.jpg 1 0 0 960 540
p/ia_100000000282.jpg 1 0 0 690 492
p/ia_100000000234.jpg 1 0 0 630 472
p/ia_100000000254.jpg 1 0 0 700 844
p/ia_100000000260.jpg 1 0 0 2200 2200
p/ia_100000000274.jpg 1 0 0 736 920
p/ia_100000000268.jpg 1 0 0 900 595
p/ia_100000000220.jpg 1 0 0 500 426
p/ia_100000000262.jpg 1 0 0 700 587
p/ia_100000000203.jpg 1 0 0 2048 1366
p/ia_100000000288.jpg 1 0 0 1280 720
p/ia_100000000240.jpg 1 0 0 600 600
p/ia_100000000199.jpg 1 0 0 2121 1414
p/ia_100000089.jpg 1 0 0 225 225
p/ia_100000088.jpg 1 0 0 300 168
p/ia_100000085.jpg 1 0 0 257 196
p/ia_100000084.jpg 1 0 0 275 183
p/ia_100000087.jpg 1 0 0 275 183
p/ia_100000083.jpg 1 0 0 267 189
p/ia_100000086.jpg 1 0 0 300 168
p/ia_100000082.jpg 1 0 0 300 168
p/ia_100000080.jpg 1 0 0 194 259
p/ia_100000081.jpg 1 0 0 197 256
p/ia_100000079.jpg 1 0 0 300 168
p/ia_100000078.jpg 1 0 0 275 183
p/ia_100000077.jpg 1 0 0 275 183
p/ia_100000076.jpg 1 0 0 300 168
p/ia_100000075.jpg 1 0 0 276 183
p/ia_100000074.jpg 1 0 0 201 251
p/ia_100000073.jpg 1 0 0 273 185
p/ia_100000071.jpg 1 0 0 275 183
p/ia_100000070.jpg 1 0 0 275 183